[    0.000000] Initializing cgroup subsys cpuset
[    0.000000] Initializing cgroup subsys cpu
[    0.000000] Initializing cgroup subsys cpuacct
[    0.000000] Linux version 4.4.0-145-generic (buildd@lcy01-amd64-023) (gcc version 5.4.0 20160609 (Ubuntu 5.4.0-6ubuntu1~16.04.10) ) #171-Ubuntu SMP Tue Mar 26 12:44:29 UTC 2019 (Ubuntu 4.4.0-145.171-generic 4.4.176)
[    0.000000] KERNEL supported cpus:
[    0.000000]   Intel GenuineIntel
[    0.000000]   AMD AuthenticAMD
[    0.000000]   NSC Geode by NSC
[    0.000000]   Cyrix CyrixInstead
[    0.000000]   Centaur CentaurHauls
[    0.000000]   Transmeta GenuineTMx86
[    0.000000]   Transmeta TransmetaCPU
[    0.000000]   UMC UMC UMC UMC
[    0.000000] [Firmware Bug]: TSC doesn't count with P0 frequency!
[    0.000000] x86/fpu: xstate_offset[2]:  576, xstate_sizes[2]:  256
[    0.000000] x86/fpu: Supporting XSAVE feature 0x01: 'x87 floating point registers'
[    0.000000] x86/fpu: Supporting XSAVE feature 0x02: 'SSE registers'
[    0.000000] x86/fpu: Supporting XSAVE feature 0x04: 'AVX registers'
[    0.000000] x86/fpu: Enabled xstate features 0x7, context size is 832 bytes, using 'standard' format.
[    0.000000] e820: BIOS-provided physical RAM map:
[    0.000000] BIOS-e820: [mem 0x0000000000000000-0x000000000009fbff] usable
[    0.000000] BIOS-e820: [mem 0x000000000009fc00-0x000000000009ffff] reserved
[    0.000000] BIOS-e820: [mem 0x00000000000f0000-0x00000000000fffff] reserved
[    0.000000] BIOS-e820: [mem 0x0000000000100000-0x000000003ffeffff] usable
[    0.000000] BIOS-e820: [mem 0x000000003fff0000-0x000000003fffffff] ACPI data
[    0.000000] BIOS-e820: [mem 0x00000000fec00000-0x00000000fec00fff] reserved
[    0.000000] BIOS-e820: [mem 0x00000000fee00000-0x00000000fee00fff] reserved
[    0.000000] BIOS-e820: [mem 0x00000000fffc0000-0x00000000ffffffff] reserved
[    0.000000] NX (Execute Disable) protection: active
[    0.000000] SMBIOS 2.5 present.
[    0.000000] Hypervisor detected: KVM
[    0.000000] e820: last_pfn = 0x3fff0 max_arch_pfn = 0x1000000
[    0.000000] MTRR: Disabled
[    0.000000] x86/PAT: MTRRs disabled, skipping PAT initialization too.
[    0.000000] CPU MTRRs all blank - virtualized system.
[    0.000000] x86/PAT: Configuration [0-7]: WB  WT  UC- UC  WB  WT  UC- UC  
[    0.000000] found SMP MP-table at [mem 0x0009fff0-0x0009ffff] mapped at [c009fff0]
[    0.000000] Scanning 1 areas for low memory corruption
[    0.000000] RAMDISK: [mem 0x363c2000-0x371d8fff]
[    0.000000] ACPI: Early table checksum verification disabled
[    0.000000] ACPI: RSDP 0x00000000000E0000 000024 (v02 VBOX  )
[    0.000000] ACPI: XSDT 0x000000003FFF0030 00003C (v01 VBOX   VBOXXSDT 00000001 ASL  00000061)
[    0.000000] ACPI: FACP 0x000000003FFF00F0 0000F4 (v04 VBOX   VBOXFACP 00000001 ASL  00000061)
[    0.000000] ACPI: DSDT 0x000000003FFF0470 0022EA (v02 VBOX   VBOXBIOS 00000002 INTL 20100528)
[    0.000000] ACPI: FACS 0x000000003FFF0200 000040
[    0.000000] ACPI: FACS 0x000000003FFF0200 000040
[    0.000000] ACPI: APIC 0x000000003FFF0240 00005C (v02 VBOX   VBOXAPIC 00000001 ASL  00000061)
[    0.000000] ACPI: SSDT 0x000000003FFF02A0 0001CC (v01 VBOX   VBOXCPUT 00000002 INTL 20100528)
[    0.000000] 131MB HIGHMEM available.
[    0.000000] 891MB LOWMEM available.
[    0.000000]   mapped low ram: 0 - 37bfe000
[    0.000000]   low ram: 0 - 37bfe000
[    0.000000] kvm-clock: Using msrs 4b564d01 and 4b564d00
[    0.000000] kvm-clock: cpu 0, msr 0:37bfd001, primary cpu clock
[    0.000000] kvm-clock: using sched offset of 3972785999 cycles
[    0.000000] clocksource: kvm-clock: mask: 0xffffffffffffffff max_cycles: 0x1cd42e4dffb, max_idle_ns: 881590591483 ns
[    0.000000] Zone ranges:
[    0.000000]   DMA      [mem 0x0000000000001000-0x0000000000ffffff]
[    0.000000]   Normal   [mem 0x0000000001000000-0x0000000037bfdfff]
[    0.000000]   HighMem  [mem 0x0000000037bfe000-0x000000003ffeffff]
[    0.000000] Movable zone start for each node
[    0.000000] Early memory node ranges
[    0.000000]   node   0: [mem 0x0000000000001000-0x000000000009efff]
[    0.000000]   node   0: [mem 0x0000000000100000-0x000000003ffeffff]
[    0.000000] Initmem setup node 0 [mem 0x0000000000001000-0x000000003ffeffff]
[    0.000000] Using APIC driver default
[    0.000000] ACPI: PM-Timer IO Port: 0x4008
[    0.000000] IOAPIC[0]: apic_id 2, version 32, address 0xfec00000, GSI 0-23
[    0.000000] ACPI: INT_SRC_OVR (bus 0 bus_irq 0 global_irq 2 dfl dfl)
[    0.000000] ACPI: INT_SRC_OVR (bus 0 bus_irq 9 global_irq 9 low level)
[    0.000000] Using ACPI (MADT) for SMP configuration information
[    0.000000] smpboot: Allowing 2 CPUs, 0 hotplug CPUs
[    0.000000] PM: Registered nosave memory: [mem 0x00000000-0x00000fff]
[    0.000000] PM: Registered nosave memory: [mem 0x0009f000-0x0009ffff]
[    0.000000] PM: Registered nosave memory: [mem 0x000a0000-0x000effff]
[    0.000000] PM: Registered nosave memory: [mem 0x000f0000-0x000fffff]
[    0.000000] e820: [mem 0x40000000-0xfebfffff] available for PCI devices
[    0.000000] Booting paravirtualized kernel on KVM
[    0.000000] clocksource: refined-jiffies: mask: 0xffffffff max_cycles: 0xffffffff, max_idle_ns: 7645519600211568 ns
[    0.000000] setup_percpu: NR_CPUS:8 nr_cpumask_bits:8 nr_cpu_ids:2 nr_node_ids:1
[    0.000000] PERCPU: Embedded 19 pages/cpu @f6390000 s47308 r0 d30516 u77824
[    0.000000] Built 1 zonelists in Zone order, mobility grouping on.  Total pages: 259800
[    0.000000] Kernel command line: BOOT_IMAGE=/boot/vmlinuz-4.4.0-145-generic root=LABEL=cloudimg-rootfs ro console=tty1 console=ttyS0
[    0.000000] PID hash table entries: 4096 (order: 2, 16384 bytes)
[    0.000000] Dentry cache hash table entries: 131072 (order: 7, 524288 bytes)
[    0.000000] Inode-cache hash table entries: 65536 (order: 6, 262144 bytes)
[    0.000000] Initializing CPU#0
[    0.000000] Initializing HighMem for node 0 (00037bfe:0003fff0)
[    0.000000] Initializing Movable for node 0 (00000000:00000000)
[    0.000000] Memory: 1008344K/1048120K available (8098K kernel code, 792K rwdata, 3184K rodata, 932K init, 784K bss, 39776K reserved, 0K cma-reserved, 135112K highmem)
[    0.000000] virtual kernel memory layout:
[    0.000000]     fixmap  : 0xfff15000 - 0xfffff000   ( 936 kB)
[    0.000000]     pkmap   : 0xffc00000 - 0xffe00000   (2048 kB)
[    0.000000]     vmalloc : 0xf83fe000 - 0xffbfe000   ( 120 MB)
[    0.000000]     lowmem  : 0xc0000000 - 0xf7bfe000   ( 891 MB)
[    0.000000]       .init : 0xc1bcf000 - 0xc1cb8000   ( 932 kB)
[    0.000000]       .data : 0xc17e8dc8 - 0xc1bcd100   (3984 kB)
[    0.000000]       .text : 0xc1000000 - 0xc17e8dc8   (8099 kB)
[    0.000000] Checking if this processor honours the WP bit even in supervisor mode...Ok.
[    0.000000] SLUB: HWalign=64, Order=0-3, MinObjects=0, CPUs=2, Nodes=1
[    0.000000] Hierarchical RCU implementation.
[    0.000000] 	Build-time adjustment of leaf fanout to 32.
[    0.000000] 	RCU restricting CPUs from NR_CPUS=8 to nr_cpu_ids=2.
[    0.000000] RCU: Adjusting geometry for rcu_fanout_leaf=32, nr_cpu_ids=2
[    0.000000] NR_IRQS:2304 nr_irqs:440 16
[    0.000000] Console: colour VGA+ 80x25
[    0.000000] console [tty1] enabled
[    0.000000] console [ttyS0] enabled
[    0.000000] allocated 1048576 bytes of page_ext
[    0.000000] tsc: Detected 3314.662 MHz processor
[    0.222621] Calibrating delay loop (skipped) preset value.. 6629.32 BogoMIPS (lpj=13258648)
[    0.224934] pid_max: default: 32768 minimum: 301
[    0.226289] ACPI: Core revision 20150930
[    0.228399] ACPI: 2 ACPI AML tables successfully acquired and loaded
[    0.230020] Security Framework initialized
[    0.231216] Yama: becoming mindful.
[    0.232262] AppArmor: AppArmor initialized
[    0.233433] Mount-cache hash table entries: 2048 (order: 1, 8192 bytes)
[    0.235181] Mountpoint-cache hash table entries: 2048 (order: 1, 8192 bytes)
[    0.237064] Initializing cgroup subsys io
[    0.238214] Initializing cgroup subsys memory
[    0.239257] Initializing cgroup subsys devices
[    0.240292] Initializing cgroup subsys freezer
[    0.241607] Initializing cgroup subsys net_cls
[    0.242716] Initializing cgroup subsys perf_event
[    0.243991] Initializing cgroup subsys net_prio
[    0.245141] Initializing cgroup subsys hugetlb
[    0.246363] Initializing cgroup subsys pids
[    0.247653] mce: CPU supports 0 MCE banks
[    0.248861] Last level iTLB entries: 4KB 512, 2MB 1024, 4MB 512
[    0.250320] Last level dTLB entries: 4KB 1024, 2MB 1024, 4MB 512, 1GB 0
[    0.251879] Spectre V2 : Spectre mitigation: LFENCE not serializing. Switching to generic retpoline
[    0.254175] Spectre V2 : Mitigation: Full generic retpoline
[    0.255661] Spectre V2 : Spectre v2 / SpectreRSB mitigation: Filling RSB on context switch
[    0.257815] Speculative Store Bypass: Mitigation: Speculative Store Bypass disabled via prctl and seccomp
[    0.264150] Freeing SMP alternatives memory: 36K
[    0.272246] ftrace: allocating 31556 entries in 62 pages
[    0.341987] smpboot: APIC(0) Converting physical 0 to logical package 0
[    0.343642] smpboot: Max logical packages: 1
[    0.344820] Enabling APIC mode:  Flat.  Using 1 I/O APICs
[    0.347795] ..TIMER: vector=0x30 apic1=0 pin1=2 apic2=-1 pin2=-1
[    0.453946] smpboot: CPU0: AMD FX(tm)-8300 Eight-Core Processor (family: 0x15, model: 0x2, stepping: 0x0)
[    0.456660] Performance Events: Broken PMU hardware detected, using software events only.
[    0.458983] Failed to access perfctr msr (MSR c0010007 is 0)
[    0.471133] KVM setup paravirtual spinlock
[    0.473191] x86: Booting SMP configuration:
[    0.474453] .... node  #0, CPUs:      #1
[1266874885.736765] Initializing CPU#1
[    0.476253] kvm-clock: cpu 1, msr 0:37bfd041, secondary cpu clock
[    0.477392] mce: CPU supports 0 MCE banks
[    0.480107] x86: Booted up 1 node, 2 CPUs
[    0.481524] smpboot: Total of 2 processors activated (13258.64 BogoMIPS)
[    0.483730] devtmpfs: initialized
[    0.484974] evm: security.selinux
[    0.485805] evm: security.SMACK64
[    0.486783] evm: security.SMACK64EXEC
[    0.487876] evm: security.SMACK64TRANSMUTE
[    0.489103] evm: security.SMACK64MMAP
[    0.490085] evm: security.ima
[    0.490999] evm: security.capability
[    0.492195] clocksource: jiffies: mask: 0xffffffff max_cycles: 0xffffffff, max_idle_ns: 7645041785100000 ns
[    0.494699] futex hash table entries: 512 (order: 3, 32768 bytes)
[    0.496282] pinctrl core: initialized pinctrl subsystem
[    0.497826] RTC time: 21:38:21, date: 05/06/19
[    0.499344] NET: Registered protocol family 16
[    0.500760] EISA bus registered
[    0.508489] cpuidle: using governor ladder
[    0.517292] cpuidle: using governor menu
[    0.518395] PCCT header not found.
[    0.519837] ACPI: bus type PCI registered
[    0.521040] acpiphp: ACPI Hot Plug PCI Controller Driver version: 0.5
[    0.523135] PCI : PCI BIOS area is rw and x. Use pci=nobios if you want it NX.
[    0.525007] PCI: PCI BIOS revision 2.10 entry at 0xfda26, last bus=0
[    0.526622] PCI: Using configuration type 1 for base access
[    0.528104] PCI: Using configuration type 1 for extended access
[    0.543667] ACPI: Added _OSI(Module Device)
[    0.544841] ACPI: Added _OSI(Processor Device)
[    0.546028] ACPI: Added _OSI(3.0 _SCP Extensions)
[    0.547370] ACPI: Added _OSI(Processor Aggregator Device)
[    0.549565] ACPI: Executed 1 blocks of module-level executable AML code
[    0.553680] ACPI: Interpreter enabled
[    0.568160] ACPI: (supports S0 S5)
[    0.569109] ACPI: Using IOAPIC for interrupt routing
[    0.570612] PCI: Using host bridge windows from ACPI; if necessary, use "pci=nocrs" and report a bug
[    0.577179] ACPI: PCI Root Bridge [PCI0] (domain 0000 [bus 00-ff])
[    0.578751] acpi PNP0A03:00: _OSC: OS supports [ExtendedConfig ASPM ClockPM Segments MSI]
[    0.581669] acpi PNP0A03:00: _OSC: platform does not support [PCIeCapability]
[    0.583780] acpi PNP0A03:00: _OSC: not requesting control; platform does not support [PCIeCapability]
[    0.586134] acpi PNP0A03:00: _OSC: OS requested [PCIeHotplug PME AER PCIeCapability]
[    0.588296] acpi PNP0A03:00: _OSC: platform willing to grant [PCIeHotplug PME AER]
[    0.590390] acpi PNP0A03:00: _OSC failed (AE_SUPPORT); disabling ASPM
[    0.592294] PCI host bridge to bus 0000:00
[    0.593409] pci_bus 0000:00: root bus resource [io  0x0000-0x0cf7 window]
[    0.595092] pci_bus 0000:00: root bus resource [io  0x0d00-0xffff window]
[    0.596721] pci_bus 0000:00: root bus resource [mem 0x000a0000-0x000bffff window]
[    0.598801] pci_bus 0000:00: root bus resource [mem 0x40000000-0xfdffffff window]
[    0.600900] pci_bus 0000:00: root bus resource [bus 00-ff]
[    0.604573] pci 0000:00:01.1: legacy IDE quirk: reg 0x10: [io  0x01f0-0x01f7]
[    0.606329] pci 0000:00:01.1: legacy IDE quirk: reg 0x14: [io  0x03f6]
[    0.607933] pci 0000:00:01.1: legacy IDE quirk: reg 0x18: [io  0x0170-0x0177]
[    0.609595] pci 0000:00:01.1: legacy IDE quirk: reg 0x1c: [io  0x0376]
[    0.631506] pci 0000:00:07.0: quirk: [io  0x4000-0x403f] claimed by PIIX4 ACPI
[    0.633477] pci 0000:00:07.0: quirk: [io  0x4100-0x410f] claimed by PIIX4 SMB
[    0.641663] ACPI: PCI Interrupt Link [LNKA] (IRQs 5 9 10 *11)
[    0.643959] ACPI: PCI Interrupt Link [LNKB] (IRQs 5 9 *10 11)
[    0.645904] ACPI: PCI Interrupt Link [LNKC] (IRQs 5 *9 10 11)
[    0.647860] ACPI: PCI Interrupt Link [LNKD] (IRQs 5 9 10 *11)
[    0.649857] ACPI: Enabled 2 GPEs in block 00 to 07
[    0.651532] vgaarb: setting as boot device: PCI:0000:00:02.0
[    0.652981] vgaarb: device added: PCI:0000:00:02.0,decodes=io+mem,owns=io+mem,locks=none
[    0.655153] vgaarb: loaded
[    0.656040] vgaarb: bridge control possible 0000:00:02.0
[    0.657786] SCSI subsystem initialized
[    0.659111] ACPI: bus type USB registered
[    0.660325] usbcore: registered new interface driver usbfs
[    0.661729] usbcore: registered new interface driver hub
[    0.663153] usbcore: registered new device driver usb
[    0.664773] PCI: Using ACPI for IRQ routing
[    0.666219] NetLabel: Initializing
[    0.667290] NetLabel:  domain hash size = 128
[    0.669398] NetLabel:  protocols = UNLABELED CIPSOv4
[    0.670706] NetLabel:  unlabeled traffic allowed by default
[    0.672354] amd_nb: Cannot enumerate AMD northbridges
[    0.673820] clocksource: Switched to clocksource kvm-clock
[    0.685138] AppArmor: AppArmor Filesystem Enabled
[    0.686436] pnp: PnP ACPI init
[    0.688341] pnp: PnP ACPI: found 3 devices
[    0.689468] PnPBIOS: Disabled by ACPI PNP
[    0.733313] clocksource: acpi_pm: mask: 0xffffff max_cycles: 0xffffff, max_idle_ns: 2085701024 ns
[    0.735702] NET: Registered protocol family 2
[    0.737158] TCP established hash table entries: 8192 (order: 3, 32768 bytes)
[    0.738949] TCP bind hash table entries: 8192 (order: 4, 65536 bytes)
[    0.740597] TCP: Hash tables configured (established 8192 bind 8192)
[    0.742249] UDP hash table entries: 512 (order: 2, 16384 bytes)
[    0.743813] UDP-Lite hash table entries: 512 (order: 2, 16384 bytes)
[    0.745465] NET: Registered protocol family 1
[    0.746692] pci 0000:00:00.0: Limiting direct PCI/PCI transfers
[    0.748201] pci 0000:00:01.0: Activating ISA DMA hang workarounds
[    0.751632] Unpacking initramfs...
[    1.018102] Freeing initrd memory: 14428K
[    1.019566] platform rtc_cmos: registered platform RTC device (no PNP device found)
[    1.021780] Scanning for low memory corruption every 60 seconds
[    1.024160] audit: initializing netlink subsys (disabled)
[    1.025545] audit: type=2000 audit(1557178706.837:1): initialized
[    1.027380] Initialise system trusted keyring
[    1.028854] HugeTLB registered 2 MB page size, pre-allocated 0 pages
[    1.032171] zbud: loaded
[    1.033369] VFS: Disk quotas dquot_6.6.0
[    1.034553] VFS: Dquot-cache hash table entries: 1024 (order 0, 4096 bytes)
[    1.036466] squashfs: version 4.0 (2009/01/31) Phillip Lougher
[    1.038245] fuse init (API version 7.23)
[    1.039548] Key type big_key registered
[    1.040623] Allocating IMA MOK and blacklist keyrings.
[    1.044459] Key type asymmetric registered
[    1.045624] Asymmetric key parser 'x509' registered
[    1.046956] bounce: pool size: 64 pages
[    1.048151] Block layer SCSI generic (bsg) driver version 0.4 loaded (major 249)
[    1.050372] io scheduler noop registered
[    1.051479] io scheduler deadline registered (default)
[    1.052883] io scheduler cfq registered
[    1.054159] pci_hotplug: PCI Hot Plug PCI Core version: 0.5
[    1.055592] pciehp: PCI Express Hot Plug Controller Driver version: 0.4
[    1.057465] ACPI: AC Adapter [AC] (on-line)
[    1.058793] input: Power Button as /devices/LNXSYSTM:00/LNXPWRBN:00/input/input0
[    1.060956] ACPI: Power Button [PWRF]
[    1.062119] input: Sleep Button as /devices/LNXSYSTM:00/LNXSLPBN:00/input/input1
[    1.064175] ACPI: Sleep Button [SLPF]
[    1.065753] GHES: HEST is not enabled!
[    1.066999] isapnp: Scanning for PnP cards...
[    1.067048] Serial: 8250/16550 driver, 32 ports, IRQ sharing enabled
[    1.088566] 00:02: ttyS0 at I/O 0x3f8 (irq = 4, base_baud = 115200) is a 16550A
[    1.091105] Linux agpgart interface v0.103
[    1.096683] loop: module loaded
[    1.098425] scsi host0: ata_piix
[    1.099521] scsi host1: ata_piix
[    1.100685] ata1: PATA max UDMA/33 cmd 0x1f0 ctl 0x3f6 bmdma 0xd000 irq 14
[    1.102437] ata2: PATA max UDMA/33 cmd 0x170 ctl 0x376 bmdma 0xd008 irq 15
[    1.104304] libphy: Fixed MDIO Bus: probed
[    1.105540] tun: Universal TUN/TAP device driver, 1.6
[    1.106945] tun: (C) 1999-2004 Max Krasnyansky <maxk@qualcomm.com>
[    1.108602] PPP generic driver version 2.4.2
[    1.109903] ehci_hcd: USB 2.0 'Enhanced' Host Controller (EHCI) Driver
[    1.111613] ehci-pci: EHCI PCI platform driver
[    1.112914] ehci-platform: EHCI generic platform driver
[    1.114331] ohci_hcd: USB 1.1 'Open' Host Controller (OHCI) Driver
[    1.115918] ohci-pci: OHCI PCI platform driver
[    1.117176] ohci-platform: OHCI generic platform driver
[    1.118649] uhci_hcd: USB Universal Host Controller Interface driver
[    1.120401] i8042: PNP: PS/2 Controller [PNP0303:PS2K,PNP0f03:PS2M] at 0x60,0x64 irq 1,12
[    1.123319] serio: i8042 KBD port at 0x60,0x64 irq 1
[    1.124634] serio: i8042 AUX port at 0x60,0x64 irq 12
[    1.126083] mousedev: PS/2 mouse device common for all mice
[    1.128255] rtc_cmos rtc_cmos: rtc core: registered rtc_cmos as rtc0
[    1.130015] input: AT Translated Set 2 keyboard as /devices/platform/i8042/serio0/input/input2
[    1.132543] rtc_cmos rtc_cmos: alarms up to one day, 114 bytes nvram
[    1.134163] i2c /dev entries driver
[    1.135262] device-mapper: uevent: version 1.0.3
[    1.136634] device-mapper: ioctl: 4.34.0-ioctl (2015-10-28) initialised: dm-devel@redhat.com
[    1.139007] platform eisa.0: Probing EISA bus 0
[    1.140297] platform eisa.0: EISA: Cannot allocate resource for mainboard
[    1.141973] platform eisa.0: Cannot allocate resource for EISA slot 1
[    1.143668] platform eisa.0: Cannot allocate resource for EISA slot 2
[    1.145735] platform eisa.0: Cannot allocate resource for EISA slot 3
[    1.147400] platform eisa.0: Cannot allocate resource for EISA slot 4
[    1.149074] platform eisa.0: Cannot allocate resource for EISA slot 5
[    1.150697] platform eisa.0: Cannot allocate resource for EISA slot 6
[    1.152397] platform eisa.0: Cannot allocate resource for EISA slot 7
[    1.154140] platform eisa.0: Cannot allocate resource for EISA slot 8
[    1.155780] platform eisa.0: EISA: Detected 0 cards
[    1.157091] cpufreq-nforce2: No nForce2 chipset.
[    1.158450] ledtrig-cpu: registered to indicate activity on CPUs
[    1.160307] NET: Registered protocol family 10
[    1.161801] NET: Registered protocol family 17
[    1.163108] Key type dns_resolver registered
[    1.164509] Using IPI No-Shortcut mode
[    1.165776] registered taskstats version 1
[    1.167035] Loading compiled-in X.509 certificates
[    1.171863] Loaded X.509 cert 'Build time autogenerated kernel key: 94e0aa8802c72e564137a0b5a234dba96bfe4cb5'
[    1.174581] zswap: loaded using pool lzo/zbud
[    1.185127] Key type trusted registered
[    1.189388] Key type encrypted registered
[    1.190507] AppArmor: AppArmor sha1 policy hashing enabled
[    1.191925] ima: No TPM chip found, activating TPM-bypass!
[    1.193315] ima: Allocated hash algorithm: sha1
[    1.194495] evm: HMAC attrs: 0x1
[    1.195744]   Magic number: 3:254:651
[    1.196793] acpi PNP0A03:00: hash matches
[    1.198007] rtc_cmos rtc_cmos: setting system clock to 2019-05-06 21:38:22 UTC (1557178702)
[    1.200254] BIOS EDD facility v0.16 2004-Jun-25, 0 devices found
[    1.201794] EDD information not available.
[    1.480944] isapnp: No Plug & Play device found
[    1.482693] Freeing unused kernel memory: 932K
[    1.484144] Write protecting the kernel text: 8100k
[    1.485605] Write protecting the kernel read-only data: 3192k
[    1.487093] NX-protecting the kernel data: 6236k
Loading, please wait...
starting version 229
[    1.507138] random: systemd-udevd: uninitialized urandom read (16 bytes read, 0 bits of entropy available)
[    1.507568] random: udevadm: uninitialized urandom read (16 bytes read, 0 bits of entropy available)
[    1.513397] random: systemd-udevd: uninitialized urandom read (16 bytes read, 0 bits of entropy available)
[    1.524307] random: udevadm: uninitialized urandom read (16 bytes read, 0 bits of entropy available)
[    1.524369] random: udevadm: uninitialized urandom read (16 bytes read, 0 bits of entropy available)
[    1.524556] random: udevadm: uninitialized urandom read (16 bytes read, 0 bits of entropy available)
[    1.524631] random: udevadm: uninitialized urandom read (16 bytes read, 0 bits of entropy available)
[    1.524731] random: udevadm: uninitialized urandom read (16 bytes read, 0 bits of entropy available)
[    1.524823] random: udevadm: uninitialized urandom read (16 bytes read, 0 bits of entropy available)
[    1.524915] random: udevadm: uninitialized urandom read (16 bytes read, 0 bits of entropy available)
[    1.592874] Fusion MPT base driver 3.04.20
[    1.594184] Copyright (c) 1999-2008 LSI Corporation
[    1.596065] e1000: Intel(R) PRO/1000 Network Driver - version 7.3.21-k8-NAPI
[    1.597752] e1000: Copyright (c) 1999-2006 Intel Corporation.
[    1.621835] Fusion MPT SPI Host driver 3.04.20
[    1.842272] input: ImExPS/2 Generic Explorer Mouse as /devices/platform/i8042/serio1/input/input4
[    2.018127] tsc: Refined TSC clocksource calibration: 3313.171 MHz
[    2.019960] clocksource: tsc: mask: 0xffffffffffffffff max_cycles: 0x2fc1e68f922, max_idle_ns: 440795262044 ns
[    2.025396] e1000 0000:00:03.0 eth0: (PCI:33MHz:32-bit) 02:fd:e6:c0:b5:09
[    2.027114] e1000 0000:00:03.0 eth0: Intel(R) PRO/1000 Network Connection
[    2.030566] e1000 0000:00:03.0 enp0s3: renamed from eth0
[    2.032158] mptbase: ioc0: Initiating bringup
[    2.104929] ioc0: LSI53C1030 A0: Capabilities={Initiator}
[    3.052784] scsi host2: ioc0: LSI53C1030 A0, FwRev=00000000h, Ports=1, MaxQ=256, IRQ=20
[    3.739981] scsi 2:0:0:0: Direct-Access     VBOX     HARDDISK         1.0  PQ: 0 ANSI: 5
[    3.742287] scsi target2:0:0: Beginning Domain Validation
[    3.745969] scsi target2:0:0: Domain Validation skipping write tests
[    3.747522] scsi target2:0:0: Ending Domain Validation
[    3.749105] scsi target2:0:0: asynchronous
[    3.751144] scsi 2:0:1:0: Direct-Access     VBOX     HARDDISK         1.0  PQ: 0 ANSI: 5
[    3.753112] scsi target2:0:1: Beginning Domain Validation
[    3.756821] scsi target2:0:1: Domain Validation skipping write tests
[    3.758393] scsi target2:0:1: Ending Domain Validation
[    3.759894] scsi target2:0:1: asynchronous
[    3.770452] sd 2:0:0:0: Attached scsi generic sg0 type 0
[    3.771967] sd 2:0:0:0: [sda] 20971520 512-byte logical blocks: (10.7 GB/10.0 GiB)
[    3.772252] sd 2:0:1:0: [sdb] 20480 512-byte logical blocks: (10.5 MB/10.0 MiB)
[    3.772404] sd 2:0:1:0: [sdb] Write Protect is off
[    3.772510] sd 2:0:1:0: [sdb] Incomplete mode parameter data
[    3.772511] sd 2:0:1:0: [sdb] Assuming drive cache: write through
[    3.779143] sd 2:0:1:0: Attached scsi generic sg1 type 0
[    3.782303] sd 2:0:0:0: [sda] Write Protect is off
[    3.783673] sd 2:0:0:0: [sda] Incomplete mode parameter data
[    3.785034] sd 2:0:0:0: [sda] Assuming drive cache: write through
[    3.814335]  sda: sda1
[    3.815614] sd 2:0:1:0: [sdb] Attached SCSI disk
[    3.817972] sd 2:0:0:0: [sda] Attached SCSI disk
Begin: Loading essential drivers ... [    5.330004] md: linear personality registered for level -1
[    5.336665] md: multipath personality registered for level -4
[    5.343174] md: raid0 personality registered for level 0
[    5.352143] md: raid1 personality registered for level 1
[    5.430053] raid6: mmxx1    gen()  2880 MB/s
[    5.499177] raid6: mmxx2    gen()  5921 MB/s
[    5.567575] raid6: sse1x1   gen()  3091 MB/s
[    5.633939] raid6: sse1x2   gen()  5023 MB/s
[    5.703289] raid6: sse2x1   gen()  5707 MB/s
[    5.770651] raid6: sse2x1   xor()  4428 MB/s
[    5.839012] raid6: sse2x2   gen()  9435 MB/s
[    5.907375] raid6: sse2x2   xor()  6475 MB/s
[    5.908591] raid6: using algorithm sse2x2 gen() 9435 MB/s
[    5.910148] raid6: .... xor() 6475 MB/s, rmw enabled
[    5.911531] raid6: using ssse3x1 recovery algorithm
[    5.916836] xor: automatically using best checksumming function:
[    5.958143]    avx       :  5228.000 MB/sec
[    5.962498] async_tx: api initialized (async)
[    5.990231] md: raid6 personality registered for level 6
[    5.991599] md: raid5 personality registered for level 5
[    5.993006] md: raid4 personality registered for level 4
[    6.006933] md: raid10 personality registered for level 10
done.
Begin: Running /scripts/init-premount ... done.
Begin: Mounting root file system ... Begin: Running /scripts/local-top ... done.
Begin: Running /scripts/local-premount ... [    6.070230] Btrfs loaded
Scanning for Btrfs filesystems
done.
Warning: fsck not present, so skipping root file system
[    6.127862] EXT4-fs (sda1): mounted filesystem with ordered data mode. Opts: (null)
done.
Begin: Running /scripts/local-bottom ... done.
Begin: Running /scripts/init-bottom ... done.
[    6.420900] systemd[1]: systemd 229 running in system mode. (+PAM +AUDIT +SELINUX +IMA +APPARMOR +SMACK +SYSVINIT +UTMP +LIBCRYPTSETUP +GCRYPT +GNUTLS +ACL +XZ -LZ4 +SECCOMP +BLKID +ELFUTILS +KMOD -IDN)
[    6.425256] systemd[1]: Detected virtualization oracle.
[    6.426706] systemd[1]: Detected architecture x86.

Welcome to [1mUbuntu 16.04.6 LTS[0m!

[    6.461476] systemd[1]: Set hostname to <ubuntu>.
[    6.471973] systemd[1]: Initializing machine ID from random generator.
[    6.473567] systemd[1]: Installed transient /etc/machine-id file.
[    6.924671] systemd[1]: Started Trigger resolvconf update for networkd DNS.
[[0;32m  OK  [0m] Started Trigger resolvconf update for networkd DNS.
[    6.927954] systemd[1]: Listening on udev Kernel Socket.
[[0;32m  OK  [0m] Listening on udev Kernel Socket.
[    6.930467] systemd[1]: Reached target System Time Synchronized.
[[0;32m  OK  [0m] Reached target System Time Synchronized.
[    6.932670] systemd[1]: Reached target User and Group Name Lookups.
[[0;32m  OK  [0m] Reached target User and Group Name Lookups.
[    6.935484] systemd[1]: Listening on LVM2 poll daemon socket.
[[0;32m  OK  [0m] Listening on LVM2 poll daemon socket.
[    6.938568] systemd[1]: Created slice System Slice.
[[0;32m  OK  [0m] Created slice System Slice.
[    6.940873] systemd[1]: Listening on Syslog Socket.
[[0;32m  OK  [0m] Listening on Syslog Socket.
[    6.943173] systemd[1]: Listening on Journal Audit Socket.
[[0;32m  OK  [0m] Listening on Journal Audit Socket.
[    6.945318] systemd[1]: Listening on udev Control Socket.
[[0;32m  OK  [0m] Listening on udev Control Socket.
[    6.947929] systemd[1]: Listening on /dev/initctl Compatibility Named Pipe.
[[0;32m  OK  [0m] Listening on /dev/initctl Compatibility Named Pipe.
[    6.951242] systemd[1]: Created slice User and Session Slice.
[[0;32m  OK  [0m] Created slice User and Session Slice.
[    6.953677] systemd[1]: Reached target Slices.
[[0;32m  OK  [0m] Reached target Slices.
[    6.955749] systemd[1]: Reached target Encrypted Volumes.
[[0;32m  OK  [0m] Reached target Encrypted Volumes.
[    6.958323] systemd[1]: Listening on Device-mapper event daemon FIFOs.
[[0;32m  OK  [0m] Listening on Device-mapper event daemon FIFOs.
[    6.961313] systemd[1]: Set up automount Arbitrary Executable File Formats File System Automount Point.
[[0;32m  OK  [0m] Set up automount Arbitrary Executab...ats File System Automount Point.
[    6.965195] systemd[1]: Reached target Swap.
[[0;32m  OK  [0m] Reached target Swap.
[    6.967302] systemd[1]: Listening on Journal Socket (/dev/log).
[[0;32m  OK  [0m] Listening on Journal Socket (/dev/log).
[    6.970072] systemd[1]: Started Forward Password Requests to Wall Directory Watch.
[[0;32m  OK  [0m] Started Forward Password Requests to Wall Directory Watch.
[    6.973700] systemd[1]: Created slice system-serial\x2dgetty.slice.
[[0;32m  OK  [0m] Created slice system-serial\x2dgetty.slice.
[    6.976355] systemd[1]: Listening on LVM2 metadata daemon socket.
[[0;32m  OK  [0m] Listening on LVM2 metadata daemon socket.
[    6.978990] systemd[1]: Listening on Journal Socket.
[[0;32m  OK  [0m] Listening on Journal Socket.
[    6.994614] systemd[1]: Starting Nameserver information manager...
         Starting Nameserver information manager...
[    7.020074] random: nonblocking pool is initialized
[    7.046532] systemd[1]: Starting Load Kernel Modules...
         Starting Load Kernel Modules...
[    7.049823] systemd[1]: Starting Set console keymap...
         Starting Set console keymap...
[    7.053110] systemd[1]: Mounting Huge Pages File System...
         Mounting Huge Pages File System...
[    7.056494] systemd[1]: Starting Remount Root and Kernel File Systems...
         Starting Remount Root and Kernel File Systems...
[    7.126597] systemd[1]: Starting Journal Service...
         Starting Journal Service...
[    7.129753] systemd[1]: Starting Monitoring of LVM2 mirrors, snapshots etc. using dmeventd or progress polling...
[    7.132958] EXT4-fs (sda1): re-mounted. Opts: (null)
         Starting Monitoring of LVM2 mirrors... dmeventd or progress polling...
[    7.137089] systemd[1]: Starting Create list of required static device nodes for the current kernel...
         Starting Create list of required st... nodes for the current kernel...
[    7.141739] systemd[1]: Mounting POSIX Message Queue File System...
         Mounting POSIX Message Queue File System...
[    7.145221] systemd[1]: Starting Uncomplicated firewall...
         Starting Uncomplicated firewall...
[    7.148581] systemd[1]: Mounting Debug File System...
         Mounting Debug File System...
[    7.153069] systemd[1]: Mounted Huge Pages File System.
[[0;32m  OK  [0m] Mounted Huge Pages File System.
[    7.155835] systemd[1]: Mounted POSIX Message Queue File System.
[[0;32m  OK  [0m] Mounted POSIX Message Queue File System.
[    7.158540] systemd[1]: Mounted Debug File System.
[[0;32m  OK  [0m] Mounted Debug File System.
[    7.162238] systemd[1]: Started Remount Root and Kernel File Systems.
[[0;32m  OK  [0m] Started Remount Root and Kernel File Systems.
[    7.237583] Loading iSCSI transport class v2.0-870.
[    7.239172] systemd[1]: Starting Load/Save Random Seed...
         Starting Load/Save Random Seed...
[    7.293502] iscsi: registered transport (tcp)
[    7.302094] systemd[1]: Starting udev Coldplug all Devices...
         Starting udev Coldplug all Devices...
[    7.306214] systemd[1]: Started Set console keymap.
[[0;32m  OK  [0m] Started Set console keymap.
[    7.309588] systemd[1]: Started Create list of required static device nodes for the current kernel.
[[0;32m  OK  [0m] Started Create list of required sta...ce nodes for the current kernel.
[    7.316512] systemd[1]: Started Uncomplicated firewall.
[[0;32m  OK  [0m] Started Uncomplicated firewall.
[    7.319612] systemd[1]: Started Nameserver information manager.
[[0;32m  OK  [0m] Started Nameserver information manager.
[    7.323461] systemd[1]: Started Load/Save Random Seed.
[[0;32m  OK  [0m] Started Load/Save Random Seed.
[    7.374982] systemd[1]: Starting Create Static Device Nodes in /dev...
         Starting Create Static Device Nodes in /dev...
[    7.385809] systemd[1]: Started Journal Service.
[[0;32m  OK  [0m] Started Journal Service.
         Starting Flush Journal to Persistent Storage...
[[0;32m  OK  [0m] Started LVM2 metadata daemon.
[[0;32m  OK  [0m] Started udev Coldplug all Devices.
[    7.461703] systemd-journald[373]: Received request to flush runtime journal from PID 1
[[0;32m  OK  [0m] Started Flush Journal to Persistent Storage.
[    7.489160] iscsi: registered transport (iser)
[[0;32m  OK  [0m] Started Load Kernel Modules.
         Mounting FUSE Control File System...
         Starting Apply Kernel Variables...
[[0;32m  OK  [0m] Mounted FUSE Control File System.
[[0;32m  OK  [0m] Started Create Static Device Nodes in /dev.
[[0;32m  OK  [0m] Started Apply Kernel Variables.
         Starting udev Kernel Device Manager...
[[0;32m  OK  [0m] Started Monitoring of LVM2 mirrors,...ng dmeventd or progress polling.
[[0;32m  OK  [0m] Reached target Local File Systems (Pre).
[[0;32m  OK  [0m] Reached target Local File Systems.
         Starting Initial cloud-init job (pre-networking)...
         Starting Commit a transient machine-id on disk...
         Starting Tell Plymouth To Write Out Runtime Data...
         Starting LSB: AppArmor initialization...
         Starting Set console font and keymap...
         Starting Create Volatile Files and Directories...
[[0;32m  OK  [0m] Started udev Kernel Device Manager.
[[0;32m  OK  [0m] Started Dispatch Password Requests to Console Directory Watch.
[[0;32m  OK  [0m] Started Commit a transient machine-id on disk.
[[0;32m  OK  [0m] Started Tell Plymouth To Write Out Runtime Data.
[[0;32m  OK  [0m] Started Create Volatile Files and Directories.
         Starting Update UTMP about System Boot/Shutdown...
[[0;32m  OK  [0m] Started Update UTMP about System Boot/Shutdown.
[[0;32m  OK  [0m] Found device /dev/ttyS0.
[[0;32m  OK  [0m] Listening on Load/Save RF Kill Switch Status /dev/rfkill Watch.
[[0;32m  OK  [0m] Started LSB: AppArmor initialization.
[[0;32m  OK  [0m] Started Set console font and keymap.
[[0;32m  OK  [0m] Created slice system-getty.slice.
[   10.718277] cloud-init[457]: Cloud-init v. 18.5-45-g3554ffe8-0ubuntu1~16.04.1 running 'init-local' at Mon, 06 May 2019 21:38:31 +0000. Up 10.21 seconds.
[[0;32m  OK  [0m] Started Initial cloud-init job (pre-networking).
[[0;32m  OK  [0m] Reached target Network (Pre).
         Starting Raise network interfaces...
[[0;32m  OK  [0m] Started Raise network interfaces.
[[0;32m  OK  [0m] Reached target Network.
         Starting Initial cloud-init job (metadata service crawler)...
[   13.166440] cloud-init[938]: Cloud-init v. 18.5-45-g3554ffe8-0ubuntu1~16.04.1 running 'init' at Mon, 06 May 2019 21:38:33 +0000. Up 11.49 seconds.
[   13.169383] cloud-init[938]: ci-info: ++++++++++++++++++++++++++++++++++++++Net device info++++++++++++++++++++++++++++++++++++++
[   13.171897] cloud-init[938]: ci-info: +--------+------+----------------------------+---------------+--------+-------------------+
[   13.174530] cloud-init[938]: ci-info: | Device |  Up  |          Address           |      Mask     | Scope  |     Hw-Address    |
[   13.177165] cloud-init[938]: ci-info: +--------+------+----------------------------+---------------+--------+-------------------+
[   13.179753] cloud-init[938]: ci-info: | enp0s3 | True |         10.0.2.15          | 255.255.255.0 | global | 02:fd:e6:c0:b5:09 |
[   13.182250] cloud-init[938]: ci-info: | enp0s3 | True | fe80::fd:e6ff:fec0:b509/64 |       .       |  link  | 02:fd:e6:c0:b5:09 |
[   13.185312] cloud-init[938]: ci-info: |   lo   | True |         127.0.0.1          |   255.0.0.0   |  host  |         .         |
[   13.187996] cloud-init[938]: ci-info: |   lo   | True |          ::1/128           |       .       |  host  |         .         |
[   13.190376] cloud-init[938]: ci-info: +--------+------+----------------------------+---------------+--------+-------------------+
[   13.192642] cloud-init[938]: ci-info: +++++++++++++++++++++++++++Route IPv4 info++++++++++++++++++++++++++++
[   13.194330] cloud-init[938]: ci-info: +-------+-------------+----------+---------------+-----------+-------+
[   13.195936] cloud-init[938]: ci-info: | Route | Destination | Gateway  |    Genmask    | Interface | Flags |
[   13.197893] cloud-init[938]: ci-info: +-------+-------------+----------+---------------+-----------+-------+
[   13.199728] cloud-init[938]: ci-info: |   0   |   0.0.0.0   | 10.0.2.2 |    0.0.0.0    |   enp0s3  |   UG  |
[   13.201788] cloud-init[938]: ci-info: |   1   |   10.0.2.0  | 0.0.0.0  | 255.255.255.0 |   enp0s3  |   U   |
[   13.203745] cloud-init[938]: ci-info: +-------+-------------+----------+---------------+-----------+-------+
[   13.205613] cloud-init[938]: ci-info: +++++++++++++++++++Route IPv6 info+++++++++++++++++++[[0;32m  OK  [0m] Started Initial cloud-init job (metadata service crawler).
[[0;32m  OK  [0m] Reached target Cloud-config availability.
[[0;32m  OK  [0m] Reached target System Initialization.
[[0;32m  OK  [0m] Started Daily Cleanup of Temporary Directories.

[   13.210016] cloud-init[938]: ci-info: +-------+-------------+---------+-----------+-------+
[   13.211704] cloud-init[938]: ci-info: | Route | Destination | Gateway | Interface | Flags |
[   13.213361] cloud-init[938]: ci-info: +-------+-------------+---------+-----------+-------+
[   13.215029] cloud-init[938]: ci-info: |   0   |  fe80::/64  |    ::   |   enp0s3  |   U   |
[   13.216742] cloud-init[938]: ci-info: |   3   |   ff00::/8  |    ::   |   enp0s3  |   U   |
[   13.218496] cloud-init         Starting LXD - unix socket.
[938]: ci-info: +-------+-------------+---------+-----------+-------+
[   13.221297] [[0;32m  OK  [0m] Started ACPI Events Check.
[[0;32m  OK  [0m] Reached target Paths.
[[0;32m  OK  [0m] Listening on ACPID Listen Socket.
[[0;32m  OK  [0m] Listening on UUID daemon activation socket.
[[0;32m  OK  [0m] Started Daily apt download activities.
[[0;32m  OK  [0m] Started Daily apt upgrade and clean activities.
[[0;32m  OK  [0m] Reached target Timers.
[[0;32m  OK  [0m] Listening on D-Bus System Message Bus Socket.
         Starting Socket activation for snappy daemon.
[[0;32m  OK  [0m] Reached target Network is Online.
cloud-init[938]: Generating public/private rsa key pair.
[   13.229348] cloud-init[938]: Your identification has been saved in /etc/ssh/ssh_host_rsa_key.
[   13.231093] cloud-init[938]: Your public key has been saved in /etc/ssh/ssh_host_rsa_key.pub.
[   13.232783] cloud-init[938]: The key fingerprint is:
[   13.234036] cloud-init[938]: SHA256:3dqjSugc/bK+qehu7zjcqZvX4+YR61Z77TvpjTkVU74 root@ubuntu-xenial
[   13.235837] cloud-init[938]: The key's randomart image is:
[   13.237371] cloud-init[938]: +---[RSA 2048]----+
[   13.238716] cloud-init[938]: |                 |
[   13.239908]          Starting iSCSI initiator daemon (iscsid)...
[[0;32m  OK  [0m] Listening on LXD - unix socket.
[[0;32m  OK  [0m] Listening on Socket activation for snappy daemon.
cloud-init[938]: |                .|
[   13.244024] cloud-init[938]: |               ..|
[   13.245565] [[0;32m  OK  [0m] Reached target Sockets.
[[0;32m  OK  [0m] Reached target Basic System.
cloud-init         Starting LSB: Record successful boot for GRUB...
[[0;32m  OK  [0m] Started D-Bus System Message Bus.
[938]: |         . .   o.|
[   13.252855] cloud-init[938]: |        S . .   +|
[   13.254112] cloud-init[938]: |       o o.o   E.|
[   13.255490] cloud-init[938]: |   . .oo=...o. o |
[   13.256701] cloud-init[938]: |    +*++*+....=+ |
[   13.264674] cloud-init[938]: |   +OB*BX*o. o*+.|
[   13.265865] cloud-init[938]: +----[SHA256]-----+
[   13.267053] cloud-init[938]: Generating public/private dsa key pair.
[   13.268533] cloud-init[938]: Your identification has been saved in /etc/ssh/ssh_host_dsa_key.
[   13.270642] cloud-init[938]: Your public key has been saved in /etc/ssh/ssh_host_dsa_key.pub.
[   13.272310] cloud-init[938]: The key fingerprint is:
[   13.273561] cloud-init[938]: SHA256:c6aSbJf+uBIn3puZ4nW6DRm1dLtV/hkgO77YXbF3f1Q root@ubuntu-xenial
[   13.275777] cloud-init[938]: The key's randomart image is:
[   13.276939] cloud-init[938]: +---[DSA 1024]----+
[   13.278139] cloud-init[938]: |                 |
[   13.282290] cloud-init[938]: |                 |
[   13.283546] cloud-init[938]: |          o...  .|
[   13.284818] cloud-init[938]: |         o oo..oE|
[   13.286056] cloud-init[938]: |        S +o. .oo|
[   13.287238] cloud-init[938]: |     .o..O. .o  B|
[   13.288442] cloud-init[938]: |     .==B ...  =+|
[   13.289636] cloud-init[938]: |     .+=.Xo o . =|
[   13.290865] cloud-init[938]: |     ..o@*oo .  o|
[   13.292068] cloud-init[938]: +----[SHA256]-----+
[   13.293324] cloud-init[938]: Generating public/private ecdsa key pair.
[   13.295067] cloud-init[938]: Your identification has been saved in /etc/ssh/ssh_host_ecdsa_key.
[   13.297510] cloud-init[938]: Your public key has been saved in /etc/ssh/ssh_host_ecdsa_key.pub.
[   13.299264] cloud-init[938]: The key fingerprint is:
[   13.300539] cloud-init[938]: SHA256:i4HnhJj+XWemNA4PqCSeT5q7EvUoJvc7VL2txenYO/w root@ubuntu-xenial
[   13.302480] cloud-init[938]: The key's randomart image is:
[   13.304035] cloud-init[938]: +---[ECDSA 256]---+
[   13.305666] cloud-init[938]: |                 |
[   13.307120] cloud-init[938]: |                 |
[   13.308735] cloud-init[938]: |       .         |
[   13.310399] cloud-init[938]: |  .o o. .        |
[   13.312256] cloud-init[938]: | .ooo.+ S+ .     |
[   13.314105] cloud-init[938]: |+oo o= o..=      |
[   13.315673] cloud-init[938]: |++o+. = =B+      |
[   13.317281] cloud-init[938]: |oo=oo. Bo*=      |
[   13.318707] cloud-init[938]: |.B=.oo. + .+E    |
[   13.320123] cloud-init[938]: +----[SHA256]-----+
[   13.321452] cloud-init[938]: Generating public/private ed25519 key pair.
[   13.322882] cloud-init[938]: Your identification has been saved in /etc/ssh/ssh_host_ed25519_key.
[   13.324926] cloud-init[938]: Your public key has been saved in /etc/ssh/ssh_host_ed25519_key.pub.
[   13.326662] cloud-init[938]: The key fingerprint is:
[   13.327932] cloud-init[938]: SHA256:rBRRFYg0zrOae/88i5q9pXEJm8pXINdEUTkN8kreDpw root@ubuntu-xenial
[   13.329736] cloud-init[938]: The key's randomart image is:
[   13.331490] cloud-init[938]: +--[ED25519 256]--+
[   13.332980] cloud-init[938]: |     .+o.+*+o+   |
[   13.334139] cloud-init[938]: |     o.o. .oo .  |
[   13.335463] cloud-init[938]: |      =  o. ..   |
[   13.336817] cloud-init[938]: |      .=o+.+     |
[   13.338369] cloud-init[938]: |      ooS.E .    |
[   13.339748] cloud-init[938]: |     + . +.+     |
[   13.340690] cloud-init[938]: |    o . +.+ .    |
[   13.341917] cloud-init[938]: |     o.+.B.      |
[   13.343476] cloud-init[938]: |    ..=+*o+o     |
[   13.345080] cloud-init[938]: +----[SHA256]-----+
[[0;32m  OK  [0m] Started FUSE filesystem for LXC.
         Starting /etc/rc.local Compatibility...
[[0;32m  OK  [0m] Started ACPI event daemon.
[[0;32m  OK  [0m] Started Unattended Upgrades Shutdown.
         Starting System Logging Service...
         Starting LSB: MD monitoring daemon...
[[0;32m  OK  [0m] Started Deferred execution scheduler.
[[0;32m  OK  [0m] Started Regular background program processing daemon.
         Starting Accounts Service...
         Starting LXD - container startup/shutdown...
         Starting Virtualbox guest utils...
         Starting Snappy daemon...
         Starting Login Service...
         Starting Pollinate to seed the pseudo random number generator...
[[0;32m  OK  [0m] Started /etc/rc.local Compatibility.
[[0;32m  OK  [0m] Started iSCSI initiator daemon (iscsid).
         Starting Login to default iSCSI targets...
[[0;32m  OK  [0m] Started Login Service.
[[0;32m  OK  [0m] Started LSB: MD monitoring daemon.
[[0;32m  OK  [0m] Started LSB: Record successful boot for GRUB.
[[0;32m  OK  [0m] Started System Logging Service.
[[0;32m  OK  [0m] Started Login to default iSCSI targets.
[[0;32m  OK  [0m] Reached target Remote File Systems (Pre).
[[0;32m  OK  [0m] Reached target Remote File Systems.
         Starting Permit User Sessions...
         Starting LSB: Set the CPU Frequency Scaling governor to "ondemand"...
         Starting LSB: daemon to balance interrupts for SMP systems...
         Starting LSB: automatic crash report generation...
[[0;32m  OK  [0m] Started Permit User Sessions.
[[0;32m  OK  [0m] Started LSB: Set the CPU Frequency Scaling governor to "ondemand".
         Starting Terminate Plymouth Boot Screen...
         Starting Hold until boot process finishes up...
[[0;32m  OK  [0m] Started Hold until boot process finishes up.
[[0;32m  OK  [0m] Started Terminate Plymouth Boot Screen.
         Starting Set console scheme...
[[0;32m  OK  [0m] Started Serial Getty on ttyS0.
[[0;32m  OK  [0m] Started Getty on tty1.
[[0;32m  OK  [0m] Reached target Login Prompts.
[[0;32m  OK  [0m] Started LSB: automatic crash report generation.
[[0;32m  OK  [0m] Started Set console scheme.
[[0;32m  OK  [0m] Started LSB: daemon to balance interrupts for SMP systems.
[[0;32m  OK  [0m] Started Virtualbox guest utils.
         Starting Authenticate and Authorize Users to Run Privileged Tasks...
[[0;32m  OK  [0m] Started Authenticate and Authorize Users to Run Privileged Tasks.
[[0;32m  OK  [0m] Started Accounts Service.
[[0;32m  OK  [0m] Started LXD - container startup/shutdown.
[[0;32m  OK  [0m] Started Snappy daemon.
         Starting Wait until snapd is fully seeded...
[[0;32m  OK  [0m] Started Pollinate to seed the pseudo random number generator.
         Starting OpenBSD Secure Shell server...
[[0;32m  OK  [0m] Started OpenBSD Secure Shell server.
[[0;32m  OK  [0m] Created slice User Slice of vagrant.
         Starting User Manager for UID 1000...
[[0;32m  OK  [0m] Started Session 1 of user vagrant.
[[0;32m  OK  [0m] Started User Manager for UID 1000.

Ubuntu 16.04.6 LTS ubuntu-xenial ttyS0

ubuntu-xenial login: [   21.248357] cloud-init[1446]: Generating locales (this might take a while)...
[   22.329380] cloud-init[1446]:   en_US.UTF-8... done
[   22.330127] cloud-init[1446]: Generation complete.
[   23.306646] cloud-init[1446]: Cloud-init v. 18.5-45-g3554ffe8-0ubuntu1~16.04.1 running 'modules:config' at Mon, 06 May 2019 21:38:42 +0000. Up 20.95 seconds.
ci-info: no authorized ssh keys fingerprints found for user ubuntu.
<14>May  6 21:38:45 ec2: 
<14>May  6 21:38:45 ec2: #############################################################
<14>May  6 21:38:45 ec2: -----BEGIN SSH HOST KEY FINGERPRINTS-----
<14>May  6 21:38:45 ec2: 1024 SHA256:c6aSbJf+uBIn3puZ4nW6DRm1dLtV/hkgO77YXbF3f1Q root@ubuntu-xenial (DSA)
<14>May  6 21:38:45 ec2: 256 SHA256:i4HnhJj+XWemNA4PqCSeT5q7EvUoJvc7VL2txenYO/w root@ubuntu-xenial (ECDSA)
<14>May  6 21:38:45 ec2: 256 SHA256:rBRRFYg0zrOae/88i5q9pXEJm8pXINdEUTkN8kreDpw root@ubuntu-xenial (ED25519)
<14>May  6 21:38:45 ec2: 2048 SHA256:3dqjSugc/bK+qehu7zjcqZvX4+YR61Z77TvpjTkVU74 root@ubuntu-xenial (RSA)
<14>May  6 21:38:45 ec2: -----END SSH HOST KEY FINGERPRINTS-----
<14>May  6 21:38:45 ec2: #############################################################
-----BEGIN SSH HOST KEY KEYS-----
ecdsa-sha2-nistp256 AAAAE2VjZHNhLXNoYTItbmlzdHAyNTYAAAAIbmlzdHAyNTYAAABBBGnl0yPnP/+xurdk5idj+YLtLCacAqm+j21FF3MF4yGjh9b4kUr6mXY0x0b4W6znaHQfyn7bgNUAuaEsIKfpVTA= root@ubuntu-xenial
ssh-ed25519 AAAAC3NzaC1lZDI1NTE5AAAAIDi0oKKj2uJj37npYlfag4p+cZxXn5i5PPDgrk6EDr3Z root@ubuntu-xenial
ssh-rsa AAAAB3NzaC1yc2EAAAADAQABAAABAQCzfYzAQXMxTZHOM5RC5Zs6YAORs7kwvMUrNecVaZlcXngBJZTdF2W+10rV5cVl++UmECfEsSNPRNI7zlcNTLdYsCPCzK+dAapRCpAJHR6dPnXYC8tNdf82JLeu+WL62rtZgon0TwBq363wpNsd2MIPua05VrHDBdQ02tsAElajoEU7HDqqC2Xd4LlKp7l4sfeflJXcacFlbl2wru3PYZL+zRaDT3FKvmcpTAeHYpM1fc9o3AlZX0rpK5lPRV0iwm8FkLErg1yJW951YRmQWO8gBMU8qj1jEOX0gBOWXRUO7kCHONMPAPO7A/chKQ4+ql2NjdVRnnsH7EzQ2o/aR1tp root@ubuntu-xenial
-----END SSH HOST KEY KEYS-----
[   23.961145] cloud-init[1549]: Cloud-init v. 18.5-45-g3554ffe8-0ubuntu1~16.04.1 running 'modules:final' at Mon, 06 May 2019 21:38:45 +0000. Up 23.76 seconds.
[   23.961384] cloud-init[1549]: ci-info: no authorized ssh keys fingerprints found for user ubuntu.
[   23.961559] cloud-init[1549]: Cloud-init v. 18.5-45-g3554ffe8-0ubuntu1~16.04.1 finished at Mon, 06 May 2019 21:38:45 +0000. Datasource DataSourceNoCloud [seed=/dev/sdb][dsmode=net].  Up 23.95 seconds
